<?xml version="1.0" encoding="UTF-8"?>
<!-- Generated by org.testng.reporters.JUnitXMLReporter -->
<testsuite ignored="2" hostname="WIN-46969103703" failures="0" tests="1" name="Default test" time="2.213" errors="0" timestamp="2022-12-06T22:35:10 IST">
  <testcase classname="testcasesusingbdd.MixedProblems" name="indianPlayerCount" time="2.175"/>
  <testcase classname="testcasesusingbdd.MixedProblems" name="testStatusCode" time="0.0">
    <ignored/>
  </testcase> <!-- testStatusCode -->
  <testcase classname="testcasesusingbdd.MixedProblems" name="testsingleContent" time="0.0">
    <ignored/>
  </testcase> <!-- testsingleContent -->
</testsuite> <!-- Default test -->
