<?xml version="1.0" encoding="UTF-8"?>
<!-- Generated by org.testng.reporters.JUnitXMLReporter -->
<testsuite ignored="1" hostname="WIN-46969103703" failures="0" tests="1" name="Default test" time="2.202" errors="0" timestamp="2023-02-19T14:22:59 IST">
  <testcase classname="fileuploadanddownload.FileUploadandDownload" name="fileDownload" time="2.16"/>
  <testcase classname="fileuploadanddownload.FileUploadandDownload" name="fileUpload" time="0.0">
    <ignored/>
  </testcase> <!-- fileUpload -->
</testsuite> <!-- Default test -->
