<?xml version="1.0" encoding="UTF-8"?>
<testng-results ignored="2" total="3" passed="1" failed="0" skipped="0">
  <reporter-output>
  </reporter-output>
  <suite started-at="2022-12-06T22:35:08 IST" name="Default suite" finished-at="2022-12-06T22:35:10 IST" duration-ms="2213">
    <groups>
    </groups>
    <test started-at="2022-12-06T22:35:08 IST" name="Default test" finished-at="2022-12-06T22:35:10 IST" duration-ms="2213">
      <class name="testcasesusingbdd.MixedProblems">
        <test-method signature="indianPlayerCount()[pri:0, instance:testcasesusingbdd.MixedProblems@505fc5a4]" started-at="2022-12-06T22:35:08 IST" name="indianPlayerCount" finished-at="2022-12-06T22:35:10 IST" duration-ms="2175" status="PASS">
          <reporter-output>
          </reporter-output>
        </test-method> <!-- indianPlayerCount -->
      </class> <!-- testcasesusingbdd.MixedProblems -->
    </test> <!-- Default test -->
  </suite> <!-- Default suite -->
</testng-results>
