<?xml version="1.0" encoding="UTF-8"?>
<testng-results ignored="1" total="2" passed="1" failed="0" skipped="0">
  <reporter-output>
  </reporter-output>
  <suite started-at="2023-02-19T14:22:57 IST" name="Default suite" finished-at="2023-02-19T14:22:59 IST" duration-ms="2202">
    <groups>
    </groups>
    <test started-at="2023-02-19T14:22:57 IST" name="Default test" finished-at="2023-02-19T14:22:59 IST" duration-ms="2202">
      <class name="fileuploadanddownload.FileUploadandDownload">
        <test-method signature="fileDownload()[pri:0, instance:fileuploadanddownload.FileUploadandDownload@505fc5a4]" started-at="2023-02-19T14:22:57 IST" name="fileDownload" finished-at="2023-02-19T14:22:59 IST" duration-ms="2160" status="PASS">
          <reporter-output>
          </reporter-output>
        </test-method> <!-- fileDownload -->
      </class> <!-- fileuploadanddownload.FileUploadandDownload -->
    </test> <!-- Default test -->
  </suite> <!-- Default suite -->
</testng-results>
